@trace_start:R2018b:1:1:execution_model_examples:lcpc19_example1:1000000:1
@perf_events:INST_RETIRED:ANY_P,FP_ARITH_INST_RETIRED:SCALAR_DOUBLE,FP_ARITH_INST_RETIRED:128B_PACKED_DOUBLE,MEM_INST_RETIRED:ALL_LOADS,MEM_INST_RETIRED:ALL_STORES,address
100012,0,0,30519,18223,139663731445614
200022,2,0,58236,36664,139663295523764
299988,2,0,74932,53317,139663295523776
399988,2,0,91623,69975,139663295523776
499987,2,0,108325,86633,139663295523776
599987,2,0,125028,103291,139663295523776
700019,2,0,141736,119954,139663295523760
799986,2,0,158433,136607,139663295523776
900018,2,0,175118,153270,139663295523760
999985,2,0,191815,169923,139663295523776
1100008,2,0,208522,186584,139663295523771
@trace_end
@trace_start:R2018b:1:1:execution_model_examples:lcpc19_example1:1000000:2
@perf_events:INST_RETIRED:ANY_P,FP_ARITH_INST_RETIRED:SCALAR_DOUBLE,FP_ARITH_INST_RETIRED:128B_PACKED_DOUBLE,MEM_INST_RETIRED:ALL_LOADS,MEM_INST_RETIRED:ALL_STORES,address
55683,2,0,16108,13012,139663725204176
155671,2,0,16121,70137,139663725204180
255686,2,0,16133,127278,139663725204185
355679,2,0,16145,184406,139663725204185
455694,2,0,16157,241547,139663725204190
555695,2,0,16169,298680,139663725204195
655684,2,0,16181,355804,139663725204176
755692,2,0,16193,412941,139663725204180
855685,2,0,16205,470069,139663725204180
955691,2,0,21441,514539,139663295523764
1055721,2,0,38117,531208,139663295523776
1155745,2,0,54797,547875,139663295523764
1255718,2,0,71468,564534,139663295523764
1355751,2,0,88149,581203,139663295523764
1455738,2,0,104822,597864,139663295523771
1555756,2,0,121500,614531,139663295523760
1655691,2,0,138165,631184,139663295523776
@trace_end